<?xml version="1.0" encoding="UTF-8"?>
<!-- Generated by org.testng.reporters.JUnitXMLReporter -->
<testsuite ignored="2" hostname="SYSTEM" failures="1" tests="1" name="edge" time="69.5" errors="0" timestamp="2023-03-14T23:31:25 IST">
  <testcase classname="testPackage.LoginTestClass" name="VerifyLoginFunctionalityWithCorrectData" time="1.429">
    <failure type="java.lang.IllegalArgumentException" message="Input must be set">
      <![CDATA[java.lang.IllegalArgumentException: Input must be set
at org.openqa.selenium.internal.Require.nonNull(Require.java:59)
at org.openqa.selenium.support.ui.FluentWait.<init>(FluentWait.java:97)
at org.openqa.selenium.support.ui.WebDriverWait.<init>(WebDriverWait.java:77)
at org.openqa.selenium.support.ui.WebDriverWait.<init>(WebDriverWait.java:46)
at pomUtility.ElementWait.waitForElement(ElementWait.java:14)
at pomPackage1.LoginPage.sendUsername(LoginPage.java:27)
at testPackage.LoginTestClass.VerifyLoginFunctionalityWithCorrectData(LoginTestClass.java:35)
at java.base/java.util.ArrayList.forEach(ArrayList.java:1511)
... Removed 25 stack frames]]>
    </failure>
  </testcase> <!-- VerifyLoginFunctionalityWithCorrectData -->
  <testcase classname="testPackage.BaseClass" name="@AfterTest afterTest" time="0.0">
    <ignored/>
  </testcase> <!-- @AfterTest afterTest -->
  <testcase classname="testPackage.BaseClass" name="@BeforeTest beforeTest" time="0.0">
    <ignored/>
  </testcase> <!-- @BeforeTest beforeTest -->
</testsuite> <!-- edge -->
