<?xml version="1.0" encoding="UTF-8"?>
<!-- Generated by org.testng.reporters.JUnitXMLReporter -->
<testsuite ignored="2" hostname="SYSTEM" failures="0" tests="1" name="chrome" time="0.113" errors="0" timestamp="2023-03-10T11:32:21 IST">
  <testcase classname="testPackage.TestClassTNG" name="test2" time="0.018"/>
  <testcase classname="testPackage.TestClassTNG" name="test1" time="0.0">
    <ignored/>
  </testcase> <!-- test1 -->
  <testcase classname="testPackage.TestClassTNG" name="test3" time="0.0">
    <ignored/>
  </testcase> <!-- test3 -->
</testsuite> <!-- chrome -->
